<?xml version="1.0" encoding="UTF-8"?>
<!-- Generated by org.testng.reporters.JUnitReportReporter -->
<testsuite hostname="LAPTOP-PSA0VANR" failures="0" tests="1" name="test.TestSuite1" time="18.684" errors="0" timestamp="2020-05-28T22:17:41 EDT" skipped="0">
  <testcase classname="test.TestSuite1" name="login" time="18.684"/>
</testsuite> <!-- test.TestSuite1 -->
