<?xml version="1.0" encoding="UTF-8"?>
<!-- Generated by org.testng.reporters.JUnitReportReporter -->
<testsuite hostname="LAPTOP-PSA0VANR" failures="0" tests="1" name="test.TestSuite1" time="17.883" errors="0" timestamp="2020-05-28T21:38:09 EDT" skipped="0">
  <testcase classname="test.TestSuite1" name="login" time="17.883"/>
</testsuite> <!-- test.TestSuite1 -->
